<?xml version="1.0" encoding="UTF-8"?>
<!-- Generated by org.testng.reporters.JUnitXMLReporter -->
<testsuite ignored="0" hostname="iMac-Mary.local" failures="0" tests="6" name="Surefire test" time="0.334" errors="0" timestamp="2024-05-07T18:50:44 MSK">
  <testcase classname="org.example.MainTest" name="testMax" time="0.032"/>
  <testcase classname="org.example.MainTest" name="testMaxFile" time="0.168"/>
  <testcase classname="org.example.MainTest" name="testMin" time="0.006"/>
  <testcase classname="org.example.MainTest" name="testMinFile" time="0.081"/>
  <testcase classname="org.example.MainTest" name="testMult" time="0.006"/>
  <testcase classname="org.example.MainTest" name="testSum" time="0.004"/>
</testsuite> <!-- Surefire test -->
