<?xml version="1.0" encoding="UTF-8"?>
<testsuite xmlns:xsi="http://www.w3.org/2001/XMLSchema-instance" xsi:noNamespaceSchemaLocation="https://maven.apache.org/surefire/maven-surefire-plugin/xsd/surefire-test-report-3.0.xsd" version="3.0" name="org.example.MainTest" time="0.976" tests="6" errors="0" skipped="0" failures="0">
  <properties>
[...]
</properties>
  <testcase name="testMax" classname="org.example.MainTest" time="0.033">
    <system-out><![CDATA[Количество чисел в файле для функции _max = 2000
WorkTime для функции _max = 2
]]></system-out>
  </testcase>
  <testcase name="testMaxFile" classname="org.example.MainTest" time="0.165">
    <system-out><![CDATA[Количество чисел в файле для функции _max = 64000
WorkTime для функции _max = 17
]]></system-out>
  </testcase>
  <testcase name="testMin" classname="org.example.MainTest" time="0.006">
    <system-out><![CDATA[Количество чисел в файле для функции _min = 2000
WorkTime для функции _min = 0
]]></system-out>
  </testcase>
  <testcase name="testMinFile" classname="org.example.MainTest" time="0.082">
    <system-out><![CDATA[Количество чисел в файле для функции _min = 64000
WorkTime для функции _min = 11
]]></system-out>
  </testcase>
  <testcase name="testMult" classname="org.example.MainTest" time="0.005"/>
  <testcase name="testSum" classname="org.example.MainTest" time="0.003"/>
</testsuite>