<?xml version="1.0" encoding="UTF-8"?>
<testng-results ignored="0" total="6" passed="6" failed="0" skipped="0">
  <reporter-output>
  </reporter-output>
  <suite started-at="2024-05-07T18:50:44 MSK" name="Surefire suite" finished-at="2024-05-07T18:50:44 MSK" duration-ms="334">
    <groups>
    </groups>
    <test started-at="2024-05-07T18:50:44 MSK" name="Surefire test" finished-at="2024-05-07T18:50:44 MSK" duration-ms="334">
      <class name="org.example.MainTest">
        <test-method signature="testMax()[pri:0, instance:org.example.MainTest@57c758ac]" started-at="2024-05-07T18:50:44 MSK" name="testMax" finished-at="2024-05-07T18:50:44 MSK" duration-ms="32" status="PASS">
          <reporter-output>
          </reporter-output>
        </test-method> <!-- testMax -->
        <test-method signature="testMaxFile()[pri:0, instance:org.example.MainTest@57c758ac]" started-at="2024-05-07T18:50:44 MSK" name="testMaxFile" finished-at="2024-05-07T18:50:44 MSK" duration-ms="168" status="PASS">
          <reporter-output>
          </reporter-output>
        </test-method> <!-- testMaxFile -->
        <test-method signature="testMin()[pri:0, instance:org.example.MainTest@57c758ac]" started-at="2024-05-07T18:50:44 MSK" name="testMin" finished-at="2024-05-07T18:50:44 MSK" duration-ms="6" status="PASS">
          <reporter-output>
          </reporter-output>
        </test-method> <!-- testMin -->
        <test-method signature="testMinFile()[pri:0, instance:org.example.MainTest@57c758ac]" started-at="2024-05-07T18:50:44 MSK" name="testMinFile" finished-at="2024-05-07T18:50:44 MSK" duration-ms="81" status="PASS">
          <reporter-output>
          </reporter-output>
        </test-method> <!-- testMinFile -->
        <test-method signature="testMult()[pri:0, instance:org.example.MainTest@57c758ac]" started-at="2024-05-07T18:50:44 MSK" name="testMult" finished-at="2024-05-07T18:50:44 MSK" duration-ms="6" status="PASS">
          <reporter-output>
          </reporter-output>
        </test-method> <!-- testMult -->
        <test-method signature="testSum()[pri:0, instance:org.example.MainTest@57c758ac]" started-at="2024-05-07T18:50:44 MSK" name="testSum" finished-at="2024-05-07T18:50:44 MSK" duration-ms="4" status="PASS">
          <reporter-output>
          </reporter-output>
        </test-method> <!-- testSum -->
      </class> <!-- org.example.MainTest -->
    </test> <!-- Surefire test -->
  </suite> <!-- Surefire suite -->
</testng-results>
